【登录信息】
*f901e00092722eaa0b98c358ed82f3ee*
`登陆天数: 2天 / 630天
等级: 133
石头: 4
呼符: 5
体力: 7754.026666666667 / 139
友情点: 0 / 500025`
*連続ログイン2日目
※ログインが途切れるか、7日到達すると
1日目から再開されます*
`聖晶石 X 1
6月交換券(2024) X 1
`*螺旋証明世界 リリムハーロット ～喝采なき薔薇～ アンケート復刻版
開幕記念 ログインボーナス*
*開催期間中、1日1回 最大21回 ログインボーナスをプレゼント！*
`白銀の果実 X 1
`_2024-06-14 19:35:46_
--------
*975e5c62950376c22dc309edaa803f5f*
`登陆天数: 2天 / 1494天
等级: 134
石头: 21
呼符: 3
体力: 2462.463333333333 / 139
友情点: 0 / 1209585`
*連続ログイン2日目
※ログインが途切れるか、7日到達すると
1日目から再開されます*
`聖晶石 X 1
6月交換券(2024) X 1
`*螺旋証明世界 リリムハーロット ～喝采なき薔薇～ アンケート復刻版
開幕記念 ログインボーナス*
*開催期間中、1日1回 最大21回 ログインボーナスをプレゼント！*
`白銀の果実 X 1
`_2024-06-14 19:35:54_
--------
*74d26bf5fd664da5c1c8aa27000dbc93*
`登陆天数: 10天 / 1566天
等级: 135
石头: 16
呼符: 0
体力: 48.31333333333333 / 139
友情点: 0 / 1331625`
*連続ログイン3日目
※ログインが途切れるか、7日到達すると
1日目から再開されます*
`叡智の業火 X 1
6月交換券(2024) X 1
`*螺旋証明世界 リリムハーロット ～喝采なき薔薇～ アンケート復刻版
開幕記念 ログインボーナス*
*開催期間中、1日1回 最大21回 ログインボーナスをプレゼント！*
`白銀の果実 X 1
`_2024-06-14 19:36:02_
--------
*db62c8c76c4edda1c6cc28643d455485*
`登陆天数: 653天 / 654天
等级: 10
石头: 902
呼符: 250
体力: 365.9766666666667 / 31
友情点: 0 / 410570`
*連続ログイン2日目
※ログインが途切れるか、7日到達すると
1日目から再開されます*
`聖晶石 X 1
6月交換券(2024) X 1
`*螺旋証明世界 リリムハーロット ～喝采なき薔薇～ アンケート復刻版
開幕記念 ログインボーナス*
*開催期間中、1日1回 最大21回 ログインボーナスをプレゼント！*
`黄金の果実 X 1
`_2024-06-14 19:36:10_
--------
*ce4b6e052cd57f5baff95d12a4eece7d*
`登陆天数: 2天 / 609天
等级: 102
石头: 19
呼符: 0
体力: 11452.57 / 126
友情点: 0 / 413645`
*連続ログイン2日目
※ログインが途切れるか、7日到達すると
1日目から再開されます*
`聖晶石 X 1
6月交換券(2024) X 1
`*螺旋証明世界 リリムハーロット ～喝采なき薔薇～ アンケート復刻版
開幕記念 ログインボーナス*
*開催期間中、1日1回 最大21回 ログインボーナスをプレゼント！*
`白銀の果実 X 1
`_2024-06-14 19:36:17_
--------
