【登录信息】
*f901e00092722eaa0b98c358ed82f3ee*
`登陆天数: 3天 / 631天
等级: 133
石头: 4
呼符: 5
体力: 8041.956666666667 / 139
友情点: 25 / 500050`
*連続ログイン3日目
※ログインが途切れるか、7日到達すると
1日目から再開されます*
`叡智の業火 X 1
6月交換券(2024) X 1
`*螺旋証明世界 リリムハーロット ～喝采なき薔薇～ アンケート復刻版
開幕記念 ログインボーナス*
*開催期間中、1日1回 最大21回 ログインボーナスをプレゼント！*
`白銀の果実 X 1
`_2024-06-15 19:35:25_
--------
*975e5c62950376c22dc309edaa803f5f*
`登陆天数: 3天 / 1495天
等级: 134
石头: 21
呼符: 3
体力: 2750.3933333333334 / 139
友情点: 25 / 1209610`
*連続ログイン3日目
※ログインが途切れるか、7日到達すると
1日目から再開されます*
`叡智の業火 X 1
6月交換券(2024) X 1
`*螺旋証明世界 リリムハーロット ～喝采なき薔薇～ アンケート復刻版
開幕記念 ログインボーナス*
*開催期間中、1日1回 最大21回 ログインボーナスをプレゼント！*
`白銀の果実 X 1
`_2024-06-15 19:35:33_
--------
*74d26bf5fd664da5c1c8aa27000dbc93*
`登陆天数: 11天 / 1567天
等级: 135
石头: 4
呼符: 0
体力: 46.39 / 139
友情点: 0 / 1331675`
*連続ログイン4日目
※ログインが途切れるか、7日到達すると
1日目から再開されます*
`聖晶石 X 1
6月交換券(2024) X 1
`*螺旋証明世界 リリムハーロット ～喝采なき薔薇～ アンケート復刻版
開幕記念 ログインボーナス*
*開催期間中、1日1回 最大21回 ログインボーナスをプレゼント！*
`白銀の果実 X 1
`_2024-06-15 19:35:41_
--------
*db62c8c76c4edda1c6cc28643d455485*
`登陆天数: 654天 / 655天
等级: 10
石头: 902
呼符: 250
体力: 653.91 / 31
友情点: 0 / 410570`
*連続ログイン3日目
※ログインが途切れるか、7日到達すると
1日目から再開されます*
`叡智の業火 X 1
6月交換券(2024) X 1
`*螺旋証明世界 リリムハーロット ～喝采なき薔薇～ アンケート復刻版
開幕記念 ログインボーナス*
*開催期間中、1日1回 最大21回 ログインボーナスをプレゼント！*
`白銀の果実 X 1
`_2024-06-15 19:35:50_
--------
*ce4b6e052cd57f5baff95d12a4eece7d*
`登陆天数: 3天 / 610天
等级: 102
石头: 19
呼符: 0
体力: 11740.503333333334 / 126
友情点: 0 / 413645`
*連続ログイン3日目
※ログインが途切れるか、7日到達すると
1日目から再開されます*
`叡智の業火 X 1
6月交換券(2024) X 1
`*螺旋証明世界 リリムハーロット ～喝采なき薔薇～ アンケート復刻版
開幕記念 ログインボーナス*
*開催期間中、1日1回 最大21回 ログインボーナスをプレゼント！*
`白銀の果実 X 1
`_2024-06-15 19:35:58_
--------
