【登录信息】
*74d26bf5fd664da5c1c8aa27000dbc93*
`登陆天数: 12天 / 1568天
等级: 135
石头: 4
呼符: 0
体力: 334.34333333333336 / 139
友情点: 0 / 1331735`
*連続ログイン5日目
※ログインが途切れるか、7日到達すると
1日目から再開されます*
`叡智の業火 X 2
6月交換券(2024) X 1
`*螺旋証明世界 リリムハーロット ～喝采なき薔薇～ アンケート復刻版
開幕記念 ログインボーナス*
*開催期間中、1日1回 最大21回 ログインボーナスをプレゼント！*
`白銀の果実 X 1
`_2024-06-16 19:35:27_
--------
*db62c8c76c4edda1c6cc28643d455485*
`登陆天数: 655天 / 656天
等级: 10
石头: 902
呼符: 250
体力: 941.86 / 31
友情点: 0 / 410570`
*連続ログイン4日目
※ログインが途切れるか、7日到達すると
1日目から再開されます*
`聖晶石 X 1
6月交換券(2024) X 1
`*螺旋証明世界 リリムハーロット ～喝采なき薔薇～ アンケート復刻版
開幕記念 ログインボーナス*
*開催期間中、1日1回 最大21回 ログインボーナスをプレゼント！*
`白銀の果実 X 1
`_2024-06-16 19:35:35_
--------
